c:\users\guilherme_dev\desktop\teste1\cpp\oocpp\oocpp\debug\vc142.pdb
c:\users\guilherme_dev\desktop\teste1\cpp\oocpp\oocpp\debug\vc142.idb
c:\users\guilherme_dev\desktop\teste1\cpp\oocpp\oocpp\debug\pessoa.obj
c:\users\guilherme_dev\desktop\teste1\cpp\oocpp\oocpp\debug\oocpp.obj
c:\users\guilherme_dev\desktop\teste1\cpp\oocpp\oocpp\debug\empregado.obj
c:\users\guilherme_dev\desktop\teste1\cpp\oocpp\oocpp\debug\gerente.obj
c:\users\guilherme_dev\desktop\teste1\cpp\oocpp\debug\oocpp.exe
c:\users\guilherme_dev\desktop\teste1\cpp\oocpp\debug\oocpp.ilk
c:\users\guilherme_dev\desktop\teste1\cpp\oocpp\debug\oocpp.pdb
c:\users\ryuzakitro\desktop\teste1\cpp\oocpp\oocpp\debug\empregado.obj
c:\users\ryuzakitro\desktop\teste1\cpp\oocpp\oocpp\debug\gerente.obj
c:\users\ryuzakitro\desktop\teste1\cpp\oocpp\oocpp\debug\oocpp.obj
c:\users\ryuzakitro\desktop\teste1\cpp\oocpp\oocpp\debug\pessoa.obj
c:\users\ryuzakitro\desktop\teste1\cpp\oocpp\oocpp\debug\vc142.idb
c:\users\ryuzakitro\desktop\teste1\cpp\oocpp\oocpp\debug\vc142.pdb
c:\users\ryuzakitro\desktop\teste1\cpp\oocpp\debug\oocpp.pdb
c:\users\ryuzakitro\desktop\teste1\cpp\oocpp\debug\oocpp.exe
c:\users\ryuzakitro\desktop\teste1\cpp\oocpp\debug\oocpp.ilk
c:\users\ryuzakitro\desktop\teste1\cpp\oocpp\oocpp\debug\oocpp.tlog\cl.command.1.tlog
c:\users\ryuzakitro\desktop\teste1\cpp\oocpp\oocpp\debug\oocpp.tlog\cl.read.1.tlog
c:\users\ryuzakitro\desktop\teste1\cpp\oocpp\oocpp\debug\oocpp.tlog\cl.write.1.tlog
c:\users\ryuzakitro\desktop\teste1\cpp\oocpp\oocpp\debug\oocpp.tlog\link.command.1.tlog
c:\users\ryuzakitro\desktop\teste1\cpp\oocpp\oocpp\debug\oocpp.tlog\link.read.1.tlog
c:\users\ryuzakitro\desktop\teste1\cpp\oocpp\oocpp\debug\oocpp.tlog\link.write.1.tlog
